# JRE version: OpenJDK Runtime Environment Temurin-17.0.6+10 (17.0.6+10) (build 17.0.6+10)
# Java VM: OpenJDK 64-Bit Server VM Temurin-17.0.6+10 (17.0.6+10, mixed mode, tiered, compressed oops, compressed class ptrs, parallel gc, windows-amd64)
GC Precious Log:
 CPUs: 4 total, 4 available
 Memory: 3948M
 Large Page Support: Disabled
 NUMA Support: Disabled
 Compressed Oops: Enabled (32-bit)
 Alignments: Space 512K, Generation 512K, Heap 2M
 Heap Min Capacity: 100M
 Heap Initial Capacity: 100M
 Heap Max Capacity: 1G
 Pre-touch: Disabled
 Parallel Workers: 4
Heap:
 PSYoungGen      total 3072K, used 0K [0x00000000eab00000, 0x00000000eaf80000, 0x0000000100000000)
  eden space 1536K, 0% used [0x00000000eab00000,0x00000000eab00098,0x00000000eac80000)
  from space 1536K, 0% used [0x00000000eac80000,0x00000000eac80000,0x00000000eae00000)
  to   space 512K, 0% used [0x00000000eae80000,0x00000000eae80000,0x00000000eaf00000)
 ParOldGen       total 100352K, used 77887K [0x00000000c0000000, 0x00000000c6200000, 0x00000000eab00000)
  object space 100352K, 77% used [0x00000000c0000000,0x00000000c4c0fe88,0x00000000c6200000)
 Metaspace       used 73686K, committed 74752K, reserved 1122304K
  class space    used 7915K, committed 8384K, reserved 1048576K
GC Heap History (20 events):
Event: 22855.730 GC heap before
{Heap before GC invocations=166 (full 8):
 PSYoungGen      total 2048K, used 1663K [0x00000000eab00000, 0x00000000eaf00000, 0x0000000100000000)
  eden space 1536K, 99% used [0x00000000eab00000,0x00000000eac7ffd0,0x00000000eac80000)
  from space 512K, 25% used [0x00000000eae80000,0x00000000eaea0000,0x00000000eaf00000)
  to   space 512K, 0% used [0x00000000eae00000,0x00000000eae00000,0x00000000eae80000)
 ParOldGen       total 100352K, used 85161K [0x00000000c0000000, 0x00000000c6200000, 0x00000000eab00000)
  object space 100352K, 84% used [0x00000000c0000000,0x00000000c532a6d8,0x00000000c6200000)
 Metaspace       used 73643K, committed 74752K, reserved 1122304K
  class space    used 7912K, committed 8384K, reserved 1048576K
}
Event: 22855.732 GC heap after
{Heap after GC invocations=166 (full 8):
 PSYoungGen      total 2048K, used 512K [0x00000000eab00000, 0x00000000eaf00000, 0x0000000100000000)
  eden space 1536K, 0% used [0x00000000eab00000,0x00000000eab00000,0x00000000eac80000)
  from space 512K, 100% used [0x00000000eae00000,0x00000000eae80000,0x00000000eae80000)
  to   space 512K, 0% used [0x00000000eae80000,0x00000000eae80000,0x00000000eaf00000)
 ParOldGen       total 100352K, used 85209K [0x00000000c0000000, 0x00000000c6200000, 0x00000000eab00000)
  object space 100352K, 84% used [0x00000000c0000000,0x00000000c53366d8,0x00000000c6200000)
 Metaspace       used 73643K, committed 74752K, reserved 1122304K
  class space    used 7912K, committed 8384K, reserved 1048576K
}
Event: 22855.839 GC heap before
{Heap before GC invocations=167 (full 8):
 PSYoungGen      total 2048K, used 2044K [0x00000000eab00000, 0x00000000eaf00000, 0x0000000100000000)
  eden space 1536K, 99% used [0x00000000eab00000,0x00000000eac7f1a8,0x00000000eac80000)
  from space 512K, 100% used [0x00000000eae00000,0x00000000eae80000,0x00000000eae80000)
  to   space 512K, 0% used [0x00000000eae80000,0x00000000eae80000,0x00000000eaf00000)
 ParOldGen       total 100352K, used 85209K [0x00000000c0000000, 0x00000000c6200000, 0x00000000eab00000)
  object space 100352K, 84% used [0x00000000c0000000,0x00000000c53366d8,0x00000000c6200000)
 Metaspace       used 73671K, committed 74752K, reserved 1122304K
  class space    used 7913K, committed 8384K, reserved 1048576K
}
Event: 22855.843 GC heap after
{Heap after GC invocations=167 (full 8):
 PSYoungGen      total 2048K, used 256K [0x00000000eab00000, 0x00000000eaf00000, 0x0000000100000000)
  eden space 1536K, 0% used [0x00000000eab00000,0x00000000eab00000,0x00000000eac80000)
  from space 512K, 50% used [0x00000000eae80000,0x00000000eaec0000,0x00000000eaf00000)
  to   space 512K, 0% used [0x00000000eae00000,0x00000000eae00000,0x00000000eae80000)
 ParOldGen       total 100352K, used 85670K [0x00000000c0000000, 0x00000000c6200000, 0x00000000eab00000)
  object space 100352K, 85% used [0x00000000c0000000,0x00000000c53a9b98,0x00000000c6200000)
 Metaspace       used 73671K, committed 74752K, reserved 1122304K
  class space    used 7913K, committed 8384K, reserved 1048576K
}
Event: 22856.473 GC heap before
{Heap before GC invocations=168 (full 8):
 PSYoungGen      total 2048K, used 1595K [0x00000000eab00000, 0x00000000eaf00000, 0x0000000100000000)
  eden space 1536K, 87% used [0x00000000eab00000,0x00000000eac4eec8,0x00000000eac80000)
  from space 512K, 50% used [0x00000000eae80000,0x00000000eaec0000,0x00000000eaf00000)
  to   space 512K, 0% used [0x00000000eae00000,0x00000000eae00000,0x00000000eae80000)
 ParOldGen       total 100352K, used 85670K [0x00000000c0000000, 0x00000000c6200000, 0x00000000eab00000)
  object space 100352K, 85% used [0x00000000c0000000,0x00000000c53a9b98,0x00000000c6200000)
 Metaspace       used 73672K, committed 74752K, reserved 1122304K
  class space    used 7913K, committed 8384K, reserved 1048576K
}
Event: 22856.475 GC heap after
{Heap after GC invocations=168 (full 8):
 PSYoungGen      total 2048K, used 128K [0x00000000eab00000, 0x00000000eaf00000, 0x0000000100000000)
  eden space 1536K, 0% used [0x00000000eab00000,0x00000000eab00000,0x00000000eac80000)
  from space 512K, 25% used [0x00000000eae00000,0x00000000eae20000,0x00000000eae80000)
  to   space 512K, 0% used [0x00000000eae80000,0x00000000eae80000,0x00000000eaf00000)
 ParOldGen       total 100352K, used 85798K [0x00000000c0000000, 0x00000000c6200000, 0x00000000eab00000)
  object space 100352K, 85% used [0x00000000c0000000,0x00000000c53c9b98,0x00000000c6200000)
 Metaspace       used 73672K, committed 74752K, reserved 1122304K
  class space    used 7913K, committed 8384K, reserved 1048576K
}
Event: 22856.495 GC heap before
{Heap before GC invocations=169 (full 8):
 PSYoungGen      total 2048K, used 1663K [0x00000000eab00000, 0x00000000eaf00000, 0x0000000100000000)
  eden space 1536K, 99% used [0x00000000eab00000,0x00000000eac7fff0,0x00000000eac80000)
  from space 512K, 25% used [0x00000000eae00000,0x00000000eae20000,0x00000000eae80000)
  to   space 512K, 0% used [0x00000000eae80000,0x00000000eae80000,0x00000000eaf00000)
 ParOldGen       total 100352K, used 85798K [0x00000000c0000000, 0x00000000c6200000, 0x00000000eab00000)
  object space 100352K, 85% used [0x00000000c0000000,0x00000000c53c9b98,0x00000000c6200000)
 Metaspace       used 73672K, committed 74752K, reserved 1122304K
  class space    used 7913K, committed 8384K, reserved 1048576K
}
Event: 22856.498 GC heap after
{Heap after GC invocations=169 (full 8):
 PSYoungGen      total 2048K, used 495K [0x00000000eab00000, 0x00000000eaf00000, 0x0000000100000000)
  eden space 1536K, 0% used [0x00000000eab00000,0x00000000eab00000,0x00000000eac80000)
  from space 512K, 96% used [0x00000000eae80000,0x00000000eaefbeb0,0x00000000eaf00000)
  to   space 512K, 0% used [0x00000000eae00000,0x00000000eae00000,0x00000000eae80000)
 ParOldGen       total 100352K, used 86758K [0x00000000c0000000, 0x00000000c6200000, 0x00000000eab00000)
  object space 100352K, 86% used [0x00000000c0000000,0x00000000c54b9b98,0x00000000c6200000)
 Metaspace       used 73672K, committed 74752K, reserved 1122304K
  class space    used 7913K, committed 8384K, reserved 1048576K
}
Event: 22856.513 GC heap before
{Heap before GC invocations=170 (full 8):
 PSYoungGen      total 2048K, used 2031K [0x00000000eab00000, 0x00000000eaf00000, 0x0000000100000000)
  eden space 1536K, 99% used [0x00000000eab00000,0x00000000eac7ffb8,0x00000000eac80000)
  from space 512K, 96% used [0x00000000eae80000,0x00000000eaefbeb0,0x00000000eaf00000)
  to   space 512K, 0% used [0x00000000eae00000,0x00000000eae00000,0x00000000eae80000)
 ParOldGen       total 100352K, used 86758K [0x00000000c0000000, 0x00000000c6200000, 0x00000000eab00000)
  object space 100352K, 86% used [0x00000000c0000000,0x00000000c54b9b98,0x00000000c6200000)
 Metaspace       used 73672K, committed 74752K, reserved 1122304K
  class space    used 7913K, committed 8384K, reserved 1048576K
}
Event: 22856.535 GC heap after
{Heap after GC invocations=170 (full 8):
 PSYoungGen      total 2048K, used 512K [0x00000000eab00000, 0x00000000eaf00000, 0x0000000100000000)
  eden space 1536K, 0% used [0x00000000eab00000,0x00000000eab00000,0x00000000eac80000)
  from space 512K, 100% used [0x00000000eae00000,0x00000000eae80000,0x00000000eae80000)
  to   space 512K, 0% used [0x00000000eae80000,0x00000000eae80000,0x00000000eaf00000)
 ParOldGen       total 100352K, used 88222K [0x00000000c0000000, 0x00000000c6200000, 0x00000000eab00000)
  object space 100352K, 87% used [0x00000000c0000000,0x00000000c5627a48,0x00000000c6200000)
 Metaspace       used 73672K, committed 74752K, reserved 1122304K
  class space    used 7913K, committed 8384K, reserved 1048576K
}
Event: 22856.739 GC heap before
{Heap before GC invocations=171 (full 8):
 PSYoungGen      total 2048K, used 2048K [0x00000000eab00000, 0x00000000eaf00000, 0x0000000100000000)
  eden space 1536K, 100% used [0x00000000eab00000,0x00000000eac80000,0x00000000eac80000)
  from space 512K, 100% used [0x00000000eae00000,0x00000000eae80000,0x00000000eae80000)
  to   space 512K, 0% used [0x00000000eae80000,0x00000000eae80000,0x00000000eaf00000)
 ParOldGen       total 100352K, used 88222K [0x00000000c0000000, 0x00000000c6200000, 0x00000000eab00000)
  object space 100352K, 87% used [0x00000000c0000000,0x00000000c5627a48,0x00000000c6200000)
 Metaspace       used 73672K, committed 74752K, reserved 1122304K
  class space    used 7913K, committed 8384K, reserved 1048576K
}
Event: 22856.743 GC heap after
{Heap after GC invocations=171 (full 8):
 PSYoungGen      total 2048K, used 512K [0x00000000eab00000, 0x00000000eaf00000, 0x0000000100000000)
  eden space 1536K, 0% used [0x00000000eab00000,0x00000000eab00000,0x00000000eac80000)
  from space 512K, 100% used [0x00000000eae80000,0x00000000eaf00000,0x00000000eaf00000)
  to   space 512K, 0% used [0x00000000eae00000,0x00000000eae00000,0x00000000eae80000)
 ParOldGen       total 100352K, used 89734K [0x00000000c0000000, 0x00000000c6200000, 0x00000000eab00000)
  object space 100352K, 89% used [0x00000000c0000000,0x00000000c57a1a48,0x00000000c6200000)
 Metaspace       used 73672K, committed 74752K, reserved 1122304K
  class space    used 7913K, committed 8384K, reserved 1048576K
}
Event: 22856.977 GC heap before
{Heap before GC invocations=172 (full 8):
 PSYoungGen      total 2048K, used 2048K [0x00000000eab00000, 0x00000000eaf00000, 0x0000000100000000)
  eden space 1536K, 100% used [0x00000000eab00000,0x00000000eac80000,0x00000000eac80000)
  from space 512K, 100% used [0x00000000eae80000,0x00000000eaf00000,0x00000000eaf00000)
  to   space 512K, 0% used [0x00000000eae00000,0x00000000eae00000,0x00000000eae80000)
 ParOldGen       total 100352K, used 89734K [0x00000000c0000000, 0x00000000c6200000, 0x00000000eab00000)
  object space 100352K, 89% used [0x00000000c0000000,0x00000000c57a1a48,0x00000000c6200000)
 Metaspace       used 73672K, committed 74752K, reserved 1122304K
  class space    used 7913K, committed 8384K, reserved 1048576K
}
Event: 22856.980 GC heap after
{Heap after GC invocations=172 (full 8):
 PSYoungGen      total 2048K, used 504K [0x00000000eab00000, 0x00000000eaf00000, 0x0000000100000000)
  eden space 1536K, 0% used [0x00000000eab00000,0x00000000eab00000,0x00000000eac80000)
  from space 512K, 98% used [0x00000000eae00000,0x00000000eae7e000,0x00000000eae80000)
  to   space 512K, 0% used [0x00000000eae80000,0x00000000eae80000,0x00000000eaf00000)
 ParOldGen       total 100352K, used 90998K [0x00000000c0000000, 0x00000000c6200000, 0x00000000eab00000)
  object space 100352K, 90% used [0x00000000c0000000,0x00000000c58dda48,0x00000000c6200000)
 Metaspace       used 73672K, committed 74752K, reserved 1122304K
  class space    used 7913K, committed 8384K, reserved 1048576K
}
Event: 22857.493 GC heap before
{Heap before GC invocations=173 (full 8):
 PSYoungGen      total 2048K, used 2040K [0x00000000eab00000, 0x00000000eaf00000, 0x0000000100000000)
  eden space 1536K, 100% used [0x00000000eab00000,0x00000000eac80000,0x00000000eac80000)
  from space 512K, 98% used [0x00000000eae00000,0x00000000eae7e000,0x00000000eae80000)
  to   space 512K, 0% used [0x00000000eae80000,0x00000000eae80000,0x00000000eaf00000)
 ParOldGen       total 100352K, used 90998K [0x00000000c0000000, 0x00000000c6200000, 0x00000000eab00000)
  object space 100352K, 90% used [0x00000000c0000000,0x00000000c58dda48,0x00000000c6200000)
 Metaspace       used 73672K, committed 74752K, reserved 1122304K
  class space    used 7913K, committed 8384K, reserved 1048576K
}
Event: 22857.496 GC heap after
{Heap after GC invocations=173 (full 8):
 PSYoungGen      total 2048K, used 506K [0x00000000eab00000, 0x00000000eaf00000, 0x0000000100000000)
  eden space 1536K, 0% used [0x00000000eab00000,0x00000000eab00000,0x00000000eac80000)
  from space 512K, 98% used [0x00000000eae80000,0x00000000eaefeb20,0x00000000eaf00000)
  to   space 512K, 0% used [0x00000000eae00000,0x00000000eae00000,0x00000000eae80000)
 ParOldGen       total 100352K, used 92254K [0x00000000c0000000, 0x00000000c6200000, 0x00000000eab00000)
  object space 100352K, 91% used [0x00000000c0000000,0x00000000c5a17a48,0x00000000c6200000)
 Metaspace       used 73672K, committed 74752K, reserved 1122304K
  class space    used 7913K, committed 8384K, reserved 1048576K
}
Event: 22857.506 GC heap before
{Heap before GC invocations=174 (full 8):
 PSYoungGen      total 2048K, used 2042K [0x00000000eab00000, 0x00000000eaf00000, 0x0000000100000000)
  eden space 1536K, 100% used [0x00000000eab00000,0x00000000eac80000,0x00000000eac80000)
  from space 512K, 98% used [0x00000000eae80000,0x00000000eaefeb20,0x00000000eaf00000)
  to   space 512K, 0% used [0x00000000eae00000,0x00000000eae00000,0x00000000eae80000)
 ParOldGen       total 100352K, used 92254K [0x00000000c0000000, 0x00000000c6200000, 0x00000000eab00000)
  object space 100352K, 91% used [0x00000000c0000000,0x00000000c5a17a48,0x00000000c6200000)
 Metaspace       used 73672K, committed 74752K, reserved 1122304K
  class space    used 7913K, committed 8384K, reserved 1048576K
}
Event: 22857.511 GC heap after
{Heap after GC invocations=174 (full 8):
 PSYoungGen      total 2048K, used 512K [0x00000000eab00000, 0x00000000eaf00000, 0x0000000100000000)
  eden space 1536K, 0% used [0x00000000eab00000,0x00000000eab00000,0x00000000eac80000)
  from space 512K, 100% used [0x00000000eae00000,0x00000000eae80000,0x00000000eae80000)
  to   space 512K, 0% used [0x00000000eae80000,0x00000000eae80000,0x00000000eaf00000)
 ParOldGen       total 100352K, used 93769K [0x00000000c0000000, 0x00000000c6200000, 0x00000000eab00000)
  object space 100352K, 93% used [0x00000000c0000000,0x00000000c5b92568,0x00000000c6200000)
 Metaspace       used 73672K, committed 74752K, reserved 1122304K
  class space    used 7913K, committed 8384K, reserved 1048576K
}
Event: 22857.524 GC heap before
{Heap before GC invocations=175 (full 8):
 PSYoungGen      total 2048K, used 1963K [0x00000000eab00000, 0x00000000eaf00000, 0x0000000100000000)
  eden space 1536K, 94% used [0x00000000eab00000,0x00000000eac6acc8,0x00000000eac80000)
  from space 512K, 100% used [0x00000000eae00000,0x00000000eae80000,0x00000000eae80000)
  to   space 512K, 0% used [0x00000000eae80000,0x00000000eae80000,0x00000000eaf00000)
 ParOldGen       total 100352K, used 93769K [0x00000000c0000000, 0x00000000c6200000, 0x00000000eab00000)
  object space 100352K, 93% used [0x00000000c0000000,0x00000000c5b92568,0x00000000c6200000)
 Metaspace       used 73672K, committed 74752K, reserved 1122304K
  class space    used 7913K, committed 8384K, reserved 1048576K
}
Event: 22857.527 GC heap after
{Heap after GC invocations=175 (full 8):
 PSYoungGen      total 2048K, used 488K [0x00000000eab00000, 0x00000000eaf00000, 0x0000000100000000)
  eden space 1536K, 0% used [0x00000000eab00000,0x00000000eab00000,0x00000000eac80000)
  from space 512K, 95% used [0x00000000eae80000,0x00000000eaefa000,0x00000000eaf00000)
  to   space 512K, 0% used [0x00000000eae00000,0x00000000eae00000,0x00000000eae80000)
 ParOldGen       total 100352K, used 95057K [0x00000000c0000000, 0x00000000c6200000, 0x00000000eab00000)
  object space 100352K, 94% used [0x00000000c0000000,0x00000000c5cd4568,0x00000000c6200000)
 Metaspace       used 73672K, committed 74752K, reserved 1122304K
  class space    used 7913K, committed 8384K, reserved 1048576K
}

