# JRE version: OpenJDK Runtime Environment Temurin-17.0.6+10 (17.0.6+10) (build 17.0.6+10)
# Java VM: OpenJDK 64-Bit Server VM Temurin-17.0.6+10 (17.0.6+10, mixed mode, tiered, compressed oops, compressed class ptrs, parallel gc, windows-amd64)
GC Precious Log:
 CPUs: 4 total, 4 available
 Memory: 3948M
 Large Page Support: Disabled
 NUMA Support: Disabled
 Compressed Oops: Enabled (32-bit)
 Alignments: Space 512K, Generation 512K, Heap 2M
 Heap Min Capacity: 100M
 Heap Initial Capacity: 100M
 Heap Max Capacity: 1G
 Pre-touch: Disabled
 Parallel Workers: 4
Heap:
 PSYoungGen      total 17408K, used 11992K [0x00000000eab00000, 0x00000000ecc80000, 0x0000000100000000)
  eden space 16896K, 70% used [0x00000000eab00000,0x00000000eb6b6350,0x00000000ebb80000)
  from space 512K, 0% used [0x00000000ebd80000,0x00000000ebd80000,0x00000000ebe00000)
  to   space 8704K, 0% used [0x00000000ec400000,0x00000000ec400000,0x00000000ecc80000)
 ParOldGen       total 138752K, used 107463K [0x00000000c0000000, 0x00000000c8780000, 0x00000000eab00000)
  object space 138752K, 77% used [0x00000000c0000000,0x00000000c68f1f48,0x00000000c8780000)
 Metaspace       used 69273K, committed 70272K, reserved 1114112K
  class space    used 7366K, committed 7808K, reserved 1048576K
GC Heap History (20 events):
Event: 58.896 GC heap before
{Heap before GC invocations=47 (full 5):
 PSYoungGen      total 22016K, used 22010K [0x00000000eab00000, 0x00000000ec700000, 0x0000000100000000)
  eden space 17408K, 100% used [0x00000000eab00000,0x00000000ebc00000,0x00000000ebc00000)
  from space 4608K, 99% used [0x00000000ebd00000,0x00000000ec17ea80,0x00000000ec180000)
  to   space 5632K, 0% used [0x00000000ec180000,0x00000000ec180000,0x00000000ec700000)
 ParOldGen       total 110080K, used 74805K [0x00000000c0000000, 0x00000000c6b80000, 0x00000000eab00000)
  object space 110080K, 67% used [0x00000000c0000000,0x00000000c490d468,0x00000000c6b80000)
 Metaspace       used 67554K, committed 68544K, reserved 1114112K
  class space    used 7172K, committed 7616K, reserved 1048576K
}
Event: 58.902 GC heap after
{Heap after GC invocations=47 (full 5):
 PSYoungGen      total 20480K, used 2813K [0x00000000eab00000, 0x00000000ec480000, 0x0000000100000000)
  eden space 17408K, 0% used [0x00000000eab00000,0x00000000eab00000,0x00000000ebc00000)
  from space 3072K, 91% used [0x00000000ec180000,0x00000000ec43f550,0x00000000ec480000)
  to   space 4096K, 0% used [0x00000000ebc80000,0x00000000ebc80000,0x00000000ec080000)
 ParOldGen       total 110080K, used 77413K [0x00000000c0000000, 0x00000000c6b80000, 0x00000000eab00000)
  object space 110080K, 70% used [0x00000000c0000000,0x00000000c4b995c8,0x00000000c6b80000)
 Metaspace       used 67554K, committed 68544K, reserved 1114112K
  class space    used 7172K, committed 7616K, reserved 1048576K
}
Event: 59.948 GC heap before
{Heap before GC invocations=48 (full 5):
 PSYoungGen      total 20480K, used 20221K [0x00000000eab00000, 0x00000000ec480000, 0x0000000100000000)
  eden space 17408K, 100% used [0x00000000eab00000,0x00000000ebc00000,0x00000000ebc00000)
  from space 3072K, 91% used [0x00000000ec180000,0x00000000ec43f550,0x00000000ec480000)
  to   space 4096K, 0% used [0x00000000ebc80000,0x00000000ebc80000,0x00000000ec080000)
 ParOldGen       total 110080K, used 77413K [0x00000000c0000000, 0x00000000c6b80000, 0x00000000eab00000)
  object space 110080K, 70% used [0x00000000c0000000,0x00000000c4b995c8,0x00000000c6b80000)
 Metaspace       used 68149K, committed 69056K, reserved 1114112K
  class space    used 7267K, committed 7680K, reserved 1048576K
}
Event: 59.955 GC heap after
{Heap after GC invocations=48 (full 5):
 PSYoungGen      total 21504K, used 4067K [0x00000000eab00000, 0x00000000eca00000, 0x0000000100000000)
  eden space 17408K, 0% used [0x00000000eab00000,0x00000000eab00000,0x00000000ebc00000)
  from space 4096K, 99% used [0x00000000ebc80000,0x00000000ec078f30,0x00000000ec080000)
  to   space 7168K, 0% used [0x00000000ec300000,0x00000000ec300000,0x00000000eca00000)
 ParOldGen       total 110080K, used 79450K [0x00000000c0000000, 0x00000000c6b80000, 0x00000000eab00000)
  object space 110080K, 72% used [0x00000000c0000000,0x00000000c4d96a68,0x00000000c6b80000)
 Metaspace       used 68149K, committed 69056K, reserved 1114112K
  class space    used 7267K, committed 7680K, reserved 1048576K
}
Event: 60.631 GC heap before
{Heap before GC invocations=49 (full 5):
 PSYoungGen      total 21504K, used 21475K [0x00000000eab00000, 0x00000000eca00000, 0x0000000100000000)
  eden space 17408K, 100% used [0x00000000eab00000,0x00000000ebc00000,0x00000000ebc00000)
  from space 4096K, 99% used [0x00000000ebc80000,0x00000000ec078f30,0x00000000ec080000)
  to   space 7168K, 0% used [0x00000000ec300000,0x00000000ec300000,0x00000000eca00000)
 ParOldGen       total 110080K, used 79450K [0x00000000c0000000, 0x00000000c6b80000, 0x00000000eab00000)
  object space 110080K, 72% used [0x00000000c0000000,0x00000000c4d96a68,0x00000000c6b80000)
 Metaspace       used 68383K, committed 69376K, reserved 1114112K
  class space    used 7287K, committed 7744K, reserved 1048576K
}
Event: 60.644 GC heap after
{Heap after GC invocations=49 (full 5):
 PSYoungGen      total 24064K, used 7156K [0x00000000eab00000, 0x00000000ecb00000, 0x0000000100000000)
  eden space 16896K, 0% used [0x00000000eab00000,0x00000000eab00000,0x00000000ebb80000)
  from space 7168K, 99% used [0x00000000ec300000,0x00000000ec9fd3b8,0x00000000eca00000)
  to   space 7680K, 0% used [0x00000000ebb80000,0x00000000ebb80000,0x00000000ec300000)
 ParOldGen       total 110080K, used 81098K [0x00000000c0000000, 0x00000000c6b80000, 0x00000000eab00000)
  object space 110080K, 73% used [0x00000000c0000000,0x00000000c4f32a58,0x00000000c6b80000)
 Metaspace       used 68383K, committed 69376K, reserved 1114112K
  class space    used 7287K, committed 7744K, reserved 1048576K
}
Event: 61.249 GC heap before
{Heap before GC invocations=50 (full 5):
 PSYoungGen      total 24064K, used 24052K [0x00000000eab00000, 0x00000000ecb00000, 0x0000000100000000)
  eden space 16896K, 100% used [0x00000000eab00000,0x00000000ebb80000,0x00000000ebb80000)
  from space 7168K, 99% used [0x00000000ec300000,0x00000000ec9fd3b8,0x00000000eca00000)
  to   space 7680K, 0% used [0x00000000ebb80000,0x00000000ebb80000,0x00000000ec300000)
 ParOldGen       total 110080K, used 81098K [0x00000000c0000000, 0x00000000c6b80000, 0x00000000eab00000)
  object space 110080K, 73% used [0x00000000c0000000,0x00000000c4f32a58,0x00000000c6b80000)
 Metaspace       used 68667K, committed 69632K, reserved 1114112K
  class space    used 7324K, committed 7744K, reserved 1048576K
}
Event: 61.263 GC heap after
{Heap after GC invocations=50 (full 5):
 PSYoungGen      total 24576K, used 7679K [0x00000000eab00000, 0x00000000ed580000, 0x0000000100000000)
  eden space 16896K, 0% used [0x00000000eab00000,0x00000000eab00000,0x00000000ebb80000)
  from space 7680K, 99% used [0x00000000ebb80000,0x00000000ec2ffce8,0x00000000ec300000)
  to   space 13312K, 0% used [0x00000000ec880000,0x00000000ec880000,0x00000000ed580000)
 ParOldGen       total 110080K, used 85378K [0x00000000c0000000, 0x00000000c6b80000, 0x00000000eab00000)
  object space 110080K, 77% used [0x00000000c0000000,0x00000000c5360a98,0x00000000c6b80000)
 Metaspace       used 68667K, committed 69632K, reserved 1114112K
  class space    used 7324K, committed 7744K, reserved 1048576K
}
Event: 61.729 GC heap before
{Heap before GC invocations=51 (full 5):
 PSYoungGen      total 24576K, used 24575K [0x00000000eab00000, 0x00000000ed580000, 0x0000000100000000)
  eden space 16896K, 100% used [0x00000000eab00000,0x00000000ebb80000,0x00000000ebb80000)
  from space 7680K, 99% used [0x00000000ebb80000,0x00000000ec2ffce8,0x00000000ec300000)
  to   space 13312K, 0% used [0x00000000ec880000,0x00000000ec880000,0x00000000ed580000)
 ParOldGen       total 110080K, used 85378K [0x00000000c0000000, 0x00000000c6b80000, 0x00000000eab00000)
  object space 110080K, 77% used [0x00000000c0000000,0x00000000c5360a98,0x00000000c6b80000)
 Metaspace       used 68952K, committed 69952K, reserved 1114112K
  class space    used 7356K, committed 7808K, reserved 1048576K
}
Event: 61.749 GC heap after
{Heap after GC invocations=51 (full 5):
 PSYoungGen      total 24064K, used 7160K [0x00000000eab00000, 0x00000000ecf80000, 0x0000000100000000)
  eden space 16896K, 0% used [0x00000000eab00000,0x00000000eab00000,0x00000000ebb80000)
  from space 7168K, 99% used [0x00000000ec880000,0x00000000ecf7e020,0x00000000ecf80000)
  to   space 9216K, 0% used [0x00000000ebd80000,0x00000000ebd80000,0x00000000ec680000)
 ParOldGen       total 110080K, used 89917K [0x00000000c0000000, 0x00000000c6b80000, 0x00000000eab00000)
  object space 110080K, 81% used [0x00000000c0000000,0x00000000c57cf5e0,0x00000000c6b80000)
 Metaspace       used 68952K, committed 69952K, reserved 1114112K
  class space    used 7356K, committed 7808K, reserved 1048576K
}
Event: 62.465 GC heap before
{Heap before GC invocations=52 (full 5):
 PSYoungGen      total 24064K, used 24056K [0x00000000eab00000, 0x00000000ecf80000, 0x0000000100000000)
  eden space 16896K, 100% used [0x00000000eab00000,0x00000000ebb80000,0x00000000ebb80000)
  from space 7168K, 99% used [0x00000000ec880000,0x00000000ecf7e020,0x00000000ecf80000)
  to   space 9216K, 0% used [0x00000000ebd80000,0x00000000ebd80000,0x00000000ec680000)
 ParOldGen       total 110080K, used 89917K [0x00000000c0000000, 0x00000000c6b80000, 0x00000000eab00000)
  object space 110080K, 81% used [0x00000000c0000000,0x00000000c57cf5e0,0x00000000c6b80000)
 Metaspace       used 69012K, committed 70016K, reserved 1114112K
  class space    used 7357K, committed 7808K, reserved 1048576K
}
Event: 62.481 GC heap after
{Heap after GC invocations=52 (full 5):
 PSYoungGen      total 26112K, used 9192K [0x00000000eab00000, 0x00000000ed480000, 0x0000000100000000)
  eden space 16896K, 0% used [0x00000000eab00000,0x00000000eab00000,0x00000000ebb80000)
  from space 9216K, 99% used [0x00000000ebd80000,0x00000000ec67a3d0,0x00000000ec680000)
  to   space 12800K, 0% used [0x00000000ec800000,0x00000000ec800000,0x00000000ed480000)
 ParOldGen       total 110080K, used 92369K [0x00000000c0000000, 0x00000000c6b80000, 0x00000000eab00000)
  object space 110080K, 83% used [0x00000000c0000000,0x00000000c5a34798,0x00000000c6b80000)
 Metaspace       used 69012K, committed 70016K, reserved 1114112K
  class space    used 7357K, committed 7808K, reserved 1048576K
}
Event: 63.129 GC heap before
{Heap before GC invocations=53 (full 5):
 PSYoungGen      total 26112K, used 26088K [0x00000000eab00000, 0x00000000ed480000, 0x0000000100000000)
  eden space 16896K, 100% used [0x00000000eab00000,0x00000000ebb80000,0x00000000ebb80000)
  from space 9216K, 99% used [0x00000000ebd80000,0x00000000ec67a3d0,0x00000000ec680000)
  to   space 12800K, 0% used [0x00000000ec800000,0x00000000ec800000,0x00000000ed480000)
 ParOldGen       total 110080K, used 92369K [0x00000000c0000000, 0x00000000c6b80000, 0x00000000eab00000)
  object space 110080K, 83% used [0x00000000c0000000,0x00000000c5a34798,0x00000000c6b80000)
 Metaspace       used 69129K, committed 70144K, reserved 1114112K
  class space    used 7361K, committed 7808K, reserved 1048576K
}
Event: 63.147 GC heap after
{Heap after GC invocations=53 (full 5):
 PSYoungGen      total 24064K, used 6945K [0x00000000eab00000, 0x00000000ecf00000, 0x0000000100000000)
  eden space 16896K, 0% used [0x00000000eab00000,0x00000000eab00000,0x00000000ebb80000)
  from space 7168K, 96% used [0x00000000ec800000,0x00000000ecec8520,0x00000000ecf00000)
  to   space 8704K, 0% used [0x00000000ebe00000,0x00000000ebe00000,0x00000000ec680000)
 ParOldGen       total 110080K, used 98369K [0x00000000c0000000, 0x00000000c6b80000, 0x00000000eab00000)
  object space 110080K, 89% used [0x00000000c0000000,0x00000000c6010688,0x00000000c6b80000)
 Metaspace       used 69129K, committed 70144K, reserved 1114112K
  class space    used 7361K, committed 7808K, reserved 1048576K
}
Event: 63.561 GC heap before
{Heap before GC invocations=54 (full 5):
 PSYoungGen      total 24064K, used 23841K [0x00000000eab00000, 0x00000000ecf00000, 0x0000000100000000)
  eden space 16896K, 100% used [0x00000000eab00000,0x00000000ebb80000,0x00000000ebb80000)
  from space 7168K, 96% used [0x00000000ec800000,0x00000000ecec8520,0x00000000ecf00000)
  to   space 8704K, 0% used [0x00000000ebe00000,0x00000000ebe00000,0x00000000ec680000)
 ParOldGen       total 110080K, used 98369K [0x00000000c0000000, 0x00000000c6b80000, 0x00000000eab00000)
  object space 110080K, 89% used [0x00000000c0000000,0x00000000c6010688,0x00000000c6b80000)
 Metaspace       used 69192K, committed 70208K, reserved 1114112K
  class space    used 7363K, committed 7808K, reserved 1048576K
}
Event: 63.573 GC heap after
{Heap after GC invocations=54 (full 5):
 PSYoungGen      total 25600K, used 8689K [0x00000000eab00000, 0x00000000ed380000, 0x0000000100000000)
  eden space 16896K, 0% used [0x00000000eab00000,0x00000000eab00000,0x00000000ebb80000)
  from space 8704K, 99% used [0x00000000ebe00000,0x00000000ec67c618,0x00000000ec680000)
  to   space 12288K, 0% used [0x00000000ec780000,0x00000000ec780000,0x00000000ed380000)
 ParOldGen       total 110080K, used 100815K [0x00000000c0000000, 0x00000000c6b80000, 0x00000000eab00000)
  object space 110080K, 91% used [0x00000000c0000000,0x00000000c6273e00,0x00000000c6b80000)
 Metaspace       used 69192K, committed 70208K, reserved 1114112K
  class space    used 7363K, committed 7808K, reserved 1048576K
}
Event: 63.949 GC heap before
{Heap before GC invocations=55 (full 5):
 PSYoungGen      total 25600K, used 25585K [0x00000000eab00000, 0x00000000ed380000, 0x0000000100000000)
  eden space 16896K, 100% used [0x00000000eab00000,0x00000000ebb80000,0x00000000ebb80000)
  from space 8704K, 99% used [0x00000000ebe00000,0x00000000ec67c618,0x00000000ec680000)
  to   space 12288K, 0% used [0x00000000ec780000,0x00000000ec780000,0x00000000ed380000)
 ParOldGen       total 110080K, used 100815K [0x00000000c0000000, 0x00000000c6b80000, 0x00000000eab00000)
  object space 110080K, 91% used [0x00000000c0000000,0x00000000c6273e00,0x00000000c6b80000)
 Metaspace       used 69261K, committed 70208K, reserved 1114112K
  class space    used 7366K, committed 7808K, reserved 1048576K
}
Event: 63.965 GC heap after
{Heap after GC invocations=55 (full 5):
 PSYoungGen      total 24064K, used 6740K [0x00000000eab00000, 0x00000000ece80000, 0x0000000100000000)
  eden space 16896K, 0% used [0x00000000eab00000,0x00000000eab00000,0x00000000ebb80000)
  from space 7168K, 94% used [0x00000000ec780000,0x00000000ece153c8,0x00000000ece80000)
  to   space 8704K, 0% used [0x00000000ebd80000,0x00000000ebd80000,0x00000000ec600000)
 ParOldGen       total 110080K, used 106967K [0x00000000c0000000, 0x00000000c6b80000, 0x00000000eab00000)
  object space 110080K, 97% used [0x00000000c0000000,0x00000000c6875d40,0x00000000c6b80000)
 Metaspace       used 69261K, committed 70208K, reserved 1114112K
  class space    used 7366K, committed 7808K, reserved 1048576K
}
Event: 63.965 GC heap before
{Heap before GC invocations=56 (full 6):
 PSYoungGen      total 24064K, used 6740K [0x00000000eab00000, 0x00000000ece80000, 0x0000000100000000)
  eden space 16896K, 0% used [0x00000000eab00000,0x00000000eab00000,0x00000000ebb80000)
  from space 7168K, 94% used [0x00000000ec780000,0x00000000ece153c8,0x00000000ece80000)
  to   space 8704K, 0% used [0x00000000ebd80000,0x00000000ebd80000,0x00000000ec600000)
 ParOldGen       total 110080K, used 106967K [0x00000000c0000000, 0x00000000c6b80000, 0x00000000eab00000)
  object space 110080K, 97% used [0x00000000c0000000,0x00000000c6875d40,0x00000000c6b80000)
 Metaspace       used 69261K, committed 70208K, reserved 1114112K
  class space    used 7366K, committed 7808K, reserved 1048576K
}
Event: 64.250 GC heap after
{Heap after GC invocations=56 (full 6):
 PSYoungGen      total 17408K, used 0K [0x00000000eab00000, 0x00000000ecc80000, 0x0000000100000000)
  eden space 16896K, 0% used [0x00000000eab00000,0x00000000eab00000,0x00000000ebb80000)
  from space 512K, 0% used [0x00000000ebd80000,0x00000000ebd80000,0x00000000ebe00000)
  to   space 8704K, 0% used [0x00000000ec400000,0x00000000ec400000,0x00000000ecc80000)
 ParOldGen       total 138752K, used 107463K [0x00000000c0000000, 0x00000000c8780000, 0x00000000eab00000)
  object space 138752K, 77% used [0x00000000c0000000,0x00000000c68f1f48,0x00000000c8780000)
 Metaspace       used 69261K, committed 70208K, reserved 1114112K
  class space    used 7366K, committed 7808K, reserved 1048576K
}

